Flow report for m_acesso
Fri Nov 29 20:19:47 2019
Quartus Prime Version 18.1.0 Build 625 09/12/2018 SJ Lite Edition


---------------------
; Table of Contents ;
---------------------
  1. Legal Notice
  2. Flow Summary
  3. Flow Settings
  4. Flow Non-Default Global Settings
  5. Flow Elapsed Time
  6. Flow OS Summary
  7. Flow Log
  8. Flow Messages
  9. Flow Suppressed Messages



----------------
; Legal Notice ;
----------------
Copyright (C) 2018  Intel Corporation. All rights reserved.
Your use of Intel Corporation's design tools, logic functions 
and other software and tools, and its AMPP partner logic 
functions, and any output files from any of the foregoing 
(including device programming or simulation files), and any 
associated documentation or information are expressly subject 
to the terms and conditions of the Intel Program License 
Subscription Agreement, the Intel Quartus Prime License Agreement,
the Intel FPGA IP License Agreement, or other applicable license
agreement, including, without limitation, that your use is for
the sole purpose of programming logic devices manufactured by
Intel and sold by Intel or its authorized distributors.  Please
refer to the applicable agreement for further details.



+----------------------------------------------------------------------------------+
; Flow Summary                                                                     ;
+------------------------------------+---------------------------------------------+
; Flow Status                        ; Successful - Fri Nov 29 20:19:47 2019       ;
; Quartus Prime Version              ; 18.1.0 Build 625 09/12/2018 SJ Lite Edition ;
; Revision Name                      ; m_acesso                                    ;
; Top-level Entity Name              ; m_acesso                                    ;
; Family                             ; Cyclone IV E                                ;
; Device                             ; EP4CE115F29C7                               ;
; Timing Models                      ; Final                                       ;
; Total logic elements               ; 0 / 114,480 ( 0 % )                         ;
;     Total combinational functions  ; 0 / 114,480 ( 0 % )                         ;
;     Dedicated logic registers      ; 0 / 114,480 ( 0 % )                         ;
; Total registers                    ; 0                                           ;
; Total pins                         ; 98 / 529 ( 19 % )                           ;
; Total virtual pins                 ; 0                                           ;
; Total memory bits                  ; 0 / 3,981,312 ( 0 % )                       ;
; Embedded Multiplier 9-bit elements ; 0 / 532 ( 0 % )                             ;
; Total PLLs                         ; 0 / 4 ( 0 % )                               ;
+------------------------------------+---------------------------------------------+


+-----------------------------------------+
; Flow Settings                           ;
+-------------------+---------------------+
; Option            ; Setting             ;
+-------------------+---------------------+
; Start date & time ; 11/29/2019 20:10:47 ;
; Main task         ; Compilation         ;
; Revision Name     ; m_acesso            ;
+-------------------+---------------------+


+-------------------------------------------------------------------------------------------------------------------------+
; Flow Non-Default Global Settings                                                                                        ;
+-------------------------------------+----------------------------------------+---------------+-------------+------------+
; Assignment Name                     ; Value                                  ; Default Value ; Entity Name ; Section Id ;
+-------------------------------------+----------------------------------------+---------------+-------------+------------+
; COMPILER_SIGNATURE_ID               ; 259854006721660.157506904605424        ; --            ; --          ; --         ;
; MAX_CORE_JUNCTION_TEMP              ; 85                                     ; --            ; --          ; --         ;
; MIN_CORE_JUNCTION_TEMP              ; 0                                      ; --            ; --          ; --         ;
; NOMINAL_CORE_SUPPLY_VOLTAGE         ; 1.2V                                   ; --            ; --          ; --         ;
; PARTITION_COLOR                     ; -- (Not supported for targeted family) ; --            ; --          ; Top        ;
; PARTITION_FITTER_PRESERVATION_LEVEL ; -- (Not supported for targeted family) ; --            ; --          ; Top        ;
; PARTITION_NETLIST_TYPE              ; -- (Not supported for targeted family) ; --            ; --          ; Top        ;
; PROJECT_OUTPUT_DIRECTORY            ; output_files                           ; --            ; --          ; --         ;
+-------------------------------------+----------------------------------------+---------------+-------------+------------+


+--------------------------------------------------------------------------------------------------------------------------+
; Flow Elapsed Time                                                                                                        ;
+----------------------+--------------+-------------------------+---------------------+------------------------------------+
; Module Name          ; Elapsed Time ; Average Processors Used ; Peak Virtual Memory ; Total CPU Time (on all processors) ;
+----------------------+--------------+-------------------------+---------------------+------------------------------------+
; Analysis & Synthesis ; 00:01:04     ; 1.0                     ; 667 MB              ; 00:02:10                           ;
; Fitter               ; 00:01:18     ; 1.0                     ; 1325 MB             ; 00:01:18                           ;
; Assembler            ; 00:00:19     ; 1.0                     ; 544 MB              ; 00:00:18                           ;
; Timing Analyzer      ; 00:00:14     ; 1.0                     ; 671 MB              ; 00:00:11                           ;
; EDA Netlist Writer   ; 00:00:04     ; 1.0                     ; 492 MB              ; 00:00:03                           ;
; EDA Netlist Writer   ; 00:00:05     ; 1.0                     ; 501 MB              ; 00:00:04                           ;
; Total                ; 00:03:04     ; --                      ; --                  ; 00:04:04                           ;
+----------------------+--------------+-------------------------+---------------------+------------------------------------+


+-----------------------------------------------------------------------------------+
; Flow OS Summary                                                                   ;
+----------------------+------------------+-----------+------------+----------------+
; Module Name          ; Machine Hostname ; OS Name   ; OS Version ; Processor type ;
+----------------------+------------------+-----------+------------+----------------+
; Analysis & Synthesis ; Usuario-PC       ; Windows 7 ; 6.1        ; x86_64         ;
; Fitter               ; Usuario-PC       ; Windows 7 ; 6.1        ; x86_64         ;
; Assembler            ; Usuario-PC       ; Windows 7 ; 6.1        ; x86_64         ;
; Timing Analyzer      ; Usuario-PC       ; Windows 7 ; 6.1        ; x86_64         ;
; EDA Netlist Writer   ; Usuario-PC       ; Windows 7 ; 6.1        ; x86_64         ;
; EDA Netlist Writer   ; Usuario-PC       ; Windows 7 ; 6.1        ; x86_64         ;
+----------------------+------------------+-----------+------------+----------------+


------------
; Flow Log ;
------------
quartus_map --read_settings_files=on --write_settings_files=off m_acesso -c m_acesso
quartus_fit --read_settings_files=off --write_settings_files=off m_acesso -c m_acesso
quartus_asm --read_settings_files=off --write_settings_files=off m_acesso -c m_acesso
quartus_sta m_acesso -c m_acesso
quartus_eda --gen_testbench --tool=modelsim_oem --format=vhdl --write_settings_files=off m_acesso -c m_acesso --vector_source=C:/Users/Usuario/Documents/Quarto_semestre/Circuitos_logicos/Projeto_CL/m_acesso/Waveform.vwf --testbench_file=C:/Users/Usuario/Documents/Quarto_semestre/Circuitos_logicos/Projeto_CL/m_acesso/simulation/qsim/Waveform.vwf.vht
quartus_eda --write_settings_files=off --simulation=on --functional=on --flatten_buses=off --tool=modelsim_oem --format=vhdl --output_directory=C:/Users/Usuario/Documents/Quarto_semestre/Circuitos_logicos/Projeto_CL/m_acesso/simulation/qsim/ m_acesso -c m_acesso



